  02_04963_섬의 개수.c
c:\users\cocob\onedrive\visual_studio\graph\graph\02_04963_섬의 개수.c(48): warning C4996: 'scanf': This function or variable may be unsafe. Consider using scanf_s instead. To disable deprecation, use _CRT_SECURE_NO_WARNINGS. See online help for details.
  c:\program files (x86)\windows kits\10\include\10.0.10240.0\ucrt\stdio.h(1270): note: 'scanf' 선언을 참조하십시오.
c:\users\cocob\onedrive\visual_studio\graph\graph\02_04963_섬의 개수.c(52): warning C4996: 'scanf': This function or variable may be unsafe. Consider using scanf_s instead. To disable deprecation, use _CRT_SECURE_NO_WARNINGS. See online help for details.
  c:\program files (x86)\windows kits\10\include\10.0.10240.0\ucrt\stdio.h(1270): note: 'scanf' 선언을 참조하십시오.
  01_02667_단지번호붙이기.c
c:\users\cocob\onedrive\visual_studio\graph\graph\01_02667_단지번호붙이기.c(45): warning C4996: 'scanf': This function or variable may be unsafe. Consider using scanf_s instead. To disable deprecation, use _CRT_SECURE_NO_WARNINGS. See online help for details.
  c:\program files (x86)\windows kits\10\include\10.0.10240.0\ucrt\stdio.h(1270): note: 'scanf' 선언을 참조하십시오.
c:\users\cocob\onedrive\visual_studio\graph\graph\01_02667_단지번호붙이기.c(47): warning C4996: 'scanf': This function or variable may be unsafe. Consider using scanf_s instead. To disable deprecation, use _CRT_SECURE_NO_WARNINGS. See online help for details.
  c:\program files (x86)\windows kits\10\include\10.0.10240.0\ucrt\stdio.h(1270): note: 'scanf' 선언을 참조하십시오.
  05_02146.c
c:\users\cocob\onedrive\visual_studio\graph\graph\05_02146.c(69): warning C4996: 'scanf': This function or variable may be unsafe. Consider using scanf_s instead. To disable deprecation, use _CRT_SECURE_NO_WARNINGS. See online help for details.
  c:\program files (x86)\windows kits\10\include\10.0.10240.0\ucrt\stdio.h(1270): note: 'scanf' 선언을 참조하십시오.
c:\users\cocob\onedrive\visual_studio\graph\graph\05_02146.c(72): warning C4996: 'scanf': This function or variable may be unsafe. Consider using scanf_s instead. To disable deprecation, use _CRT_SECURE_NO_WARNINGS. See online help for details.
  c:\program files (x86)\windows kits\10\include\10.0.10240.0\ucrt\stdio.h(1270): note: 'scanf' 선언을 참조하십시오.
  04_07576_토마토.c
c:\users\cocob\onedrive\visual_studio\graph\graph\04_07576_토마토.c(37): warning C4996: 'scanf': This function or variable may be unsafe. Consider using scanf_s instead. To disable deprecation, use _CRT_SECURE_NO_WARNINGS. See online help for details.
  c:\program files (x86)\windows kits\10\include\10.0.10240.0\ucrt\stdio.h(1270): note: 'scanf' 선언을 참조하십시오.
c:\users\cocob\onedrive\visual_studio\graph\graph\04_07576_토마토.c(41): warning C4996: 'scanf': This function or variable may be unsafe. Consider using scanf_s instead. To disable deprecation, use _CRT_SECURE_NO_WARNINGS. See online help for details.
  c:\program files (x86)\windows kits\10\include\10.0.10240.0\ucrt\stdio.h(1270): note: 'scanf' 선언을 참조하십시오.
  03_02178_미로탐색.c
c:\users\cocob\onedrive\visual_studio\graph\graph\03_02178_미로탐색.c(38): warning C4996: 'scanf': This function or variable may be unsafe. Consider using scanf_s instead. To disable deprecation, use _CRT_SECURE_NO_WARNINGS. See online help for details.
  c:\program files (x86)\windows kits\10\include\10.0.10240.0\ucrt\stdio.h(1270): note: 'scanf' 선언을 참조하십시오.
c:\users\cocob\onedrive\visual_studio\graph\graph\03_02178_미로탐색.c(40): warning C4996: 'scanf': This function or variable may be unsafe. Consider using scanf_s instead. To disable deprecation, use _CRT_SECURE_NO_WARNINGS. See online help for details.
  c:\program files (x86)\windows kits\10\include\10.0.10240.0\ucrt\stdio.h(1270): note: 'scanf' 선언을 참조하십시오.
  코드를 생성하고 있습니다...
c:\users\cocob\onedrive\visual_studio\graph\graph\03_02178_미로탐색.c(36): warning C4715: 'bfs': 모든 제어 경로에서 값을 반환하지는 않습니다.
04_07576_토마토.obj : error LNK2005: bfs이(가) 03_02178_미로탐색.obj에 이미 정의되어 있습니다.
04_07576_토마토.obj : error LNK2005: main이(가) 03_02178_미로탐색.obj에 이미 정의되어 있습니다.
04_07576_토마토.obj : error LNK2005: dy이(가) 03_02178_미로탐색.obj에 이미 정의되어 있습니다.
04_07576_토마토.obj : error LNK2005: dx이(가) 03_02178_미로탐색.obj에 이미 정의되어 있습니다.
05_02146.obj : error LNK2005: bfs이(가) 03_02178_미로탐색.obj에 이미 정의되어 있습니다.
05_02146.obj : error LNK2005: main이(가) 03_02178_미로탐색.obj에 이미 정의되어 있습니다.
05_02146.obj : error LNK2005: dy이(가) 03_02178_미로탐색.obj에 이미 정의되어 있습니다.
05_02146.obj : error LNK2005: dx이(가) 03_02178_미로탐색.obj에 이미 정의되어 있습니다.
01_02667_단지번호붙이기.obj : error LNK2005: bfs이(가) 03_02178_미로탐색.obj에 이미 정의되어 있습니다.
01_02667_단지번호붙이기.obj : error LNK2005: main이(가) 03_02178_미로탐색.obj에 이미 정의되어 있습니다.
01_02667_단지번호붙이기.obj : error LNK2005: dy이(가) 03_02178_미로탐색.obj에 이미 정의되어 있습니다.
01_02667_단지번호붙이기.obj : error LNK2005: dx이(가) 03_02178_미로탐색.obj에 이미 정의되어 있습니다.
02_04963_섬의 개수.obj : error LNK2005: bfs이(가) 03_02178_미로탐색.obj에 이미 정의되어 있습니다.
02_04963_섬의 개수.obj : error LNK2005: main이(가) 03_02178_미로탐색.obj에 이미 정의되어 있습니다.
02_04963_섬의 개수.obj : error LNK2005: dy이(가) 03_02178_미로탐색.obj에 이미 정의되어 있습니다.
02_04963_섬의 개수.obj : error LNK2005: dx이(가) 03_02178_미로탐색.obj에 이미 정의되어 있습니다.
C:\Users\cocob\OneDrive\visual_studio\Graph\x64\Debug\플러드필.exe : fatal error LNK1169: 여러 번 정의된 기호가 있습니다.
